<?xml version="1.0" encoding="UTF-8"?>
<!-- Generated by org.testng.reporters.JUnitReportReporter -->
<testsuite hostname="Windows7-PC" name="TS_VoiceOwner" tests="1" failures="0" timestamp="24 Apr 2015 17:35:20 GMT" time="0.466" errors="0">
  <testcase name="TS01TC01checkVoiceOwnerGet" time="0.466" classname="TS_VoiceOwner"/>
</testsuite> <!-- TS_VoiceOwner -->
